mode: set
github.com/rentier-io/rentier-core/httpx/middleware/cors.go:5.55,7.46 1 0
github.com/rentier-io/rentier-core/httpx/middleware/cors.go:7.46,8.72 1 0
github.com/rentier-io/rentier-core/httpx/middleware/cors.go:8.72,12.29 4 0
github.com/rentier-io/rentier-core/httpx/middleware/cors.go:12.29,15.5 2 0
github.com/rentier-io/rentier-core/httpx/middleware/cors.go:16.4,16.24 1 0
github.com/rentier-io/rentier-core/httpx/middleware/logger.go:15.56,18.2 2 0
github.com/rentier-io/rentier-core/httpx/middleware/logger.go:20.76,21.46 1 0
github.com/rentier-io/rentier-core/httpx/middleware/logger.go:21.46,22.72 1 0
github.com/rentier-io/rentier-core/httpx/middleware/logger.go:22.72,41.4 6 0
github.com/rentier-io/rentier-core/httpx/middleware/sentry.go:11.83,13.46 2 0
github.com/rentier-io/rentier-core/httpx/middleware/sentry.go:13.46,14.72 1 0
github.com/rentier-io/rentier-core/httpx/middleware/sentry.go:14.72,17.56 3 0
github.com/rentier-io/rentier-core/httpx/middleware/sentry.go:17.56,19.19 2 0
github.com/rentier-io/rentier-core/httpx/middleware/sentry.go:19.19,22.6 2 0
github.com/rentier-io/rentier-core/logging/fx.go:12.54,16.3 1 0
github.com/rentier-io/rentier-core/logging/logging.go:8.31,13.2 4 0
github.com/rentier-io/rentier-core/utils/array.go:3.42,4.25 1 0
github.com/rentier-io/rentier-core/utils/array.go:4.25,5.18 1 0
github.com/rentier-io/rentier-core/utils/array.go:5.18,7.4 1 0
github.com/rentier-io/rentier-core/utils/array.go:9.2,9.11 1 0
github.com/rentier-io/rentier-core/utils/statistic.go:9.45,11.12 2 0
github.com/rentier-io/rentier-core/utils/statistic.go:11.12,13.3 1 0
github.com/rentier-io/rentier-core/utils/statistic.go:15.2,15.41 1 0
github.com/rentier-io/rentier-core/utils/statistic.go:15.41,17.3 1 0
github.com/rentier-io/rentier-core/utils/statistic.go:19.2,20.14 2 0
github.com/rentier-io/rentier-core/utils/statistic.go:20.14,22.3 1 0
github.com/rentier-io/rentier-core/utils/statistic.go:24.2,25.38 2 0
github.com/rentier-io/rentier-core/utils/statistic.go:32.8,36.2 3 0
github.com/rentier-io/rentier-core/utils/statistic.go:38.46,42.27 3 0
github.com/rentier-io/rentier-core/utils/statistic.go:42.27,43.15 1 0
github.com/rentier-io/rentier-core/utils/statistic.go:43.15,46.4 2 0
github.com/rentier-io/rentier-core/utils/statistic.go:49.2,49.16 1 0
github.com/rentier-io/rentier-core/utils/statistic.go:49.16,51.3 1 0
github.com/rentier-io/rentier-core/utils/statistic.go:53.2,56.33 4 0
github.com/rentier-io/rentier-core/utils/statistic.go:59.56,61.27 2 0
github.com/rentier-io/rentier-core/utils/statistic.go:61.27,62.15 1 0
github.com/rentier-io/rentier-core/utils/statistic.go:62.15,64.4 1 0
github.com/rentier-io/rentier-core/utils/statistic.go:67.2,68.12 2 0
github.com/rentier-io/rentier-core/utils/statistic.go:68.12,70.3 1 0
github.com/rentier-io/rentier-core/utils/statistic.go:72.2,73.27 2 0
github.com/rentier-io/rentier-core/utils/statistic.go:73.27,75.3 1 0
github.com/rentier-io/rentier-core/utils/statistic.go:76.2,79.27 3 0
github.com/rentier-io/rentier-core/utils/statistic.go:79.27,83.3 3 0
github.com/rentier-io/rentier-core/utils/statistic.go:85.2,92.33 7 0
github.com/rentier-io/rentier-core/utils/types.go:3.40,4.14 1 0
github.com/rentier-io/rentier-core/utils/types.go:4.14,6.3 1 0
github.com/rentier-io/rentier-core/utils/types.go:7.2,8.11 2 0
github.com/rentier-io/rentier-core/httpx/fx.go:30.16,33.44 2 0
github.com/rentier-io/rentier-core/httpx/fx.go:33.44,35.18 2 0
github.com/rentier-io/rentier-core/httpx/fx.go:35.18,37.5 1 0
github.com/rentier-io/rentier-core/httpx/fx.go:38.4,40.14 3 0
github.com/rentier-io/rentier-core/httpx/fx.go:42.43,44.4 1 0
github.com/rentier-io/rentier-core/httpx/fx.go:46.2,46.12 1 0
github.com/rentier-io/rentier-core/httpx/fx.go:49.25,55.2 1 0
github.com/rentier-io/rentier-core/httpx/server.go:19.50,21.31 2 0
github.com/rentier-io/rentier-core/httpx/server.go:21.31,25.3 3 0
github.com/rentier-io/rentier-core/httpx/server.go:26.2,26.12 1 0
github.com/rentier-io/rentier-core/httpx/server.go:32.16,33.32 1 0
github.com/rentier-io/rentier-core/httpx/server.go:33.32,35.3 1 0
github.com/rentier-io/rentier-core/httpx/server.go:36.2,36.16 1 0
github.com/rentier-io/rentier-core/sentry/fx.go:10.33,17.18 1 0
github.com/rentier-io/rentier-core/sentry/fx.go:17.18,18.14 1 0
github.com/rentier-io/rentier-core/httpx/endpoints/ping.go:13.48,15.2 1 0
github.com/rentier-io/rentier-core/httpx/endpoints/ping.go:17.33,19.2 1 0
github.com/rentier-io/rentier-core/httpx/endpoints/ping.go:21.66,24.2 2 0
github.com/rentier-io/rentier-core/httpx/endpoints/ping.go:26.54,28.2 1 0
